<?xml version="1.0" encoding="UTF-8"?>
<!-- Generated by org.testng.reporters.JUnitReportReporter -->
<testsuite skipped="0" hostname="Lesias-Air.westell.com" name="com.prestashop.tests.PrestaShopTestsNegative" tests="4" failures="0" timestamp="26 Jun 2018 19:59:41 GMT" time="33.716" errors="0">
  <testcase name="blankEmail" time="7.926" classname="com.prestashop.tests.PrestaShopTestsNegative"/>
  <testcase name="invalidEmail" time="10.174" classname="com.prestashop.tests.PrestaShopTestsNegative"/>
  <testcase name="wrongCredentials" time="7.795" classname="com.prestashop.tests.PrestaShopTestsNegative"/>
  <testcase name="blankPassword" time="7.821" classname="com.prestashop.tests.PrestaShopTestsNegative"/>
</testsuite> <!-- com.prestashop.tests.PrestaShopTestsNegative -->
