<?xml version="1.0" encoding="UTF-8"?>
<!-- Generated by org.testng.reporters.JUnitReportReporter -->
<testsuite skipped="0" hostname="Lesias-Air.westell.com" name="com.prestashop.tests.PrestaShopTestsPositive" tests="1" failures="0" timestamp="20 Jun 2018 21:04:25 GMT" time="14.222" errors="0">
  <testcase name="login" time="14.222" classname="com.prestashop.tests.PrestaShopTestsPositive"/>
</testsuite> <!-- com.prestashop.tests.PrestaShopTestsPositive -->
